<?xml version="1.0" encoding="UTF-8"?>
<!-- Generated by org.testng.reporters.JUnitReportReporter -->
<testsuite hostname="LAPTOP-RQ5ADVUS" failures="0" tests="1" name="almosaferNewTestCases.myTestCases" time="21.297" errors="0" timestamp="2024-03-16T10:38:33 EET" skipped="0">
  <testcase classname="almosaferNewTestCases.myTestCases" name="myTest" time="21.297"/>
  <system-out/>
</testsuite> <!-- almosaferNewTestCases.myTestCases -->
